<?xml version="1.0" encoding="UTF-8"?>
<testng-results skipped="0" failed="1" ignored="8" total="9" passed="0">
  <reporter-output>
  </reporter-output>
  <suite name="Testng" duration-ms="59494" started-at="2017-10-19T09:06:10Z" finished-at="2017-10-19T09:07:10Z">
    <groups>
      <group name="Group2">
        <method signature="testAndroidSingleControl.A9_InstallApp()[pri:0, instance:com.bys.devicpass.test.androidsinglecontrol.testAndroidSingleControl@5e3a8624]" name="A9_InstallApp" class="com.bys.devicpass.test.androidsinglecontrol.testAndroidSingleControl"/>
      </group> <!-- Group2 -->
    </groups>
    <test name="DP" duration-ms="59494" started-at="2017-10-19T09:06:10Z" finished-at="2017-10-19T09:07:10Z">
      <class name="com.bys.devicpass.test.androidsinglecontrol.testAndroidSingleControl">
        <test-method status="PASS" signature="init()[pri:0, instance:com.bys.devicpass.test.androidsinglecontrol.testAndroidSingleControl@5e3a8624]" name="init" is-config="true" duration-ms="14945" started-at="2017-10-19T17:06:10Z" finished-at="2017-10-19T17:06:25Z">
          <reporter-output>
          </reporter-output>
        </test-method> <!-- init -->
        <test-method status="FAIL" signature="A9_InstallApp()[pri:0, instance:com.bys.devicpass.test.androidsinglecontrol.testAndroidSingleControl@5e3a8624]" name="A9_InstallApp" duration-ms="42235" started-at="2017-10-19T17:06:25Z" finished-at="2017-10-19T17:07:07Z">
          <exception class="org.openqa.selenium.TimeoutException">
            <message>
              <![CDATA[Expected condition failed: waiting for element to be clickable: By.xpath: //div[contains(text(),'Install app successfully')] (tried for 30 second(s) with 500 MILLISECONDS interval)]]>
            </message>
            <full-stacktrace>
              <![CDATA[org.openqa.selenium.TimeoutException: Expected condition failed: waiting for element to be clickable: By.xpath: //div[contains(text(),'Install app successfully')] (tried for 30 second(s) with 500 MILLISECONDS interval)
	at org.openqa.selenium.support.ui.WebDriverWait.timeoutException(WebDriverWait.java:80)
	at org.openqa.selenium.support.ui.FluentWait.until(FluentWait.java:232)
	at com.bys.devicepass.libs.Wait.waitForElementClickable(Wait.java:33)
	at com.bys.devicpass.pages.ControlPage.getInstallAppInfo(ControlPage.java:78)
	at com.bys.devicpass.test.androidsinglecontrol.testAndroidSingleControl.A9_InstallApp(testAndroidSingleControl.java:142)
	at sun.reflect.NativeMethodAccessorImpl.invoke0(Native Method)
	at sun.reflect.NativeMethodAccessorImpl.invoke(NativeMethodAccessorImpl.java:62)
	at sun.reflect.DelegatingMethodAccessorImpl.invoke(DelegatingMethodAccessorImpl.java:43)
	at java.lang.reflect.Method.invoke(Method.java:498)
	at org.testng.internal.MethodInvocationHelper.invokeMethod(MethodInvocationHelper.java:108)
	at org.testng.internal.Invoker.invokeMethod(Invoker.java:661)
	at org.testng.internal.Invoker.invokeTestMethod(Invoker.java:869)
	at org.testng.internal.Invoker.invokeTestMethods(Invoker.java:1193)
	at org.testng.internal.TestMethodWorker.invokeTestMethods(TestMethodWorker.java:126)
	at org.testng.internal.TestMethodWorker.run(TestMethodWorker.java:109)
	at org.testng.TestRunner.privateRun(TestRunner.java:744)
	at org.testng.TestRunner.run(TestRunner.java:602)
	at org.testng.SuiteRunner.runTest(SuiteRunner.java:380)
	at org.testng.SuiteRunner.runSequentially(SuiteRunner.java:375)
	at org.testng.SuiteRunner.privateRun(SuiteRunner.java:340)
	at org.testng.SuiteRunner.run(SuiteRunner.java:289)
	at org.testng.SuiteRunnerWorker.runSuite(SuiteRunnerWorker.java:52)
	at org.testng.SuiteRunnerWorker.run(SuiteRunnerWorker.java:86)
	at org.testng.TestNG.runSuitesSequentially(TestNG.java:1301)
	at org.testng.TestNG.runSuitesLocally(TestNG.java:1226)
	at org.testng.TestNG.runSuites(TestNG.java:1144)
	at org.testng.TestNG.run(TestNG.java:1115)
	at org.testng.remote.AbstractRemoteTestNG.run(AbstractRemoteTestNG.java:114)
	at org.testng.remote.RemoteTestNG.initAndRun(RemoteTestNG.java:251)
	at org.testng.remote.RemoteTestNG.main(RemoteTestNG.java:77)
Caused by: org.openqa.selenium.NoSuchElementException: Cannot locate an element using By.xpath: //div[contains(text(),'Install app successfully')]
For documentation on this error, please visit: http://seleniumhq.org/exceptions/no_such_element.html
Build info: version: '3.4.0', revision: 'unknown', time: 'unknown'
System info: host: 'ZZJ', ip: '10.23.0.35', os.name: 'Windows 7', os.arch: 'amd64', os.version: '6.1', java.version: '1.8.0_144'
Driver info: driver.version: unknown
	at org.openqa.selenium.support.ui.ExpectedConditions.lambda$findElement$0(ExpectedConditions.java:883)
	at java.util.Optional.orElseThrow(Optional.java:290)
	at org.openqa.selenium.support.ui.ExpectedConditions.findElement(ExpectedConditions.java:882)
	at org.openqa.selenium.support.ui.ExpectedConditions.access$000(ExpectedConditions.java:44)
	at org.openqa.selenium.support.ui.ExpectedConditions$7.apply(ExpectedConditions.java:206)
	at org.openqa.selenium.support.ui.ExpectedConditions$7.apply(ExpectedConditions.java:202)
	at org.openqa.selenium.support.ui.ExpectedConditions$22.apply(ExpectedConditions.java:644)
	at org.openqa.selenium.support.ui.ExpectedConditions$22.apply(ExpectedConditions.java:641)
	at org.openqa.selenium.support.ui.FluentWait.until(FluentWait.java:209)
	... 28 more
]]>
            </full-stacktrace>
          </exception> <!-- org.openqa.selenium.TimeoutException -->
          <reporter-output>
          </reporter-output>
        </test-method> <!-- A9_InstallApp -->
        <test-method status="PASS" signature="release()[pri:0, instance:com.bys.devicpass.test.androidsinglecontrol.testAndroidSingleControl@5e3a8624]" name="release" is-config="true" duration-ms="2292" started-at="2017-10-19T17:07:07Z" finished-at="2017-10-19T17:07:10Z">
          <reporter-output>
          </reporter-output>
        </test-method> <!-- release -->
      </class> <!-- com.bys.devicpass.test.androidsinglecontrol.testAndroidSingleControl -->
    </test> <!-- DP -->
  </suite> <!-- Testng -->
</testng-results>
