<?xml version="1.0" encoding="UTF-8"?>
<!-- Generated by org.testng.reporters.JUnitXMLReporter -->
<testsuite hostname="zzj" ignored="8" name="DP" tests="1" failures="1" timestamp="19 十月 2017 09:07:10 GMT" time="59.494" errors="0">
  <testcase name="A9_InstallApp" time="42.235" classname="com.bys.devicpass.test.androidsinglecontrol.testAndroidSingleControl">
    <failure type="org.openqa.selenium.TimeoutException" message="Expected condition failed: waiting for element to be clickable: By.xpath: //div[contains(text(),&amp;apos;Install app successfully&amp;apos;)] (tried for 30 second(s) with 500 MILLISECONDS interval)">
      <![CDATA[org.openqa.selenium.TimeoutException: Expected condition failed: waiting for element to be clickable: By.xpath: //div[contains(text(),'Install app successfully')] (tried for 30 second(s) with 500 MILLISECONDS interval)
	at org.openqa.selenium.support.ui.WebDriverWait.timeoutException(WebDriverWait.java:80)
	at org.openqa.selenium.support.ui.FluentWait.until(FluentWait.java:232)
	at com.bys.devicepass.libs.Wait.waitForElementClickable(Wait.java:33)
	at com.bys.devicpass.pages.ControlPage.getInstallAppInfo(ControlPage.java:78)
	at com.bys.devicpass.test.androidsinglecontrol.testAndroidSingleControl.A9_InstallApp(testAndroidSingleControl.java:142)
Caused by: org.openqa.selenium.NoSuchElementException: Cannot locate an element using By.xpath: //div[contains(text(),'Install app successfully')]
For documentation on this error, please visit: http://seleniumhq.org/exceptions/no_such_element.html
Build info: version: '3.4.0', revision: 'unknown', time: 'unknown'
System info: host: 'ZZJ', ip: '10.23.0.35', os.name: 'Windows 7', os.arch: 'amd64', os.version: '6.1', java.version: '1.8.0_144'
Driver info: driver.version: unknown
	at org.openqa.selenium.support.ui.ExpectedConditions.lambda$findElement$0(ExpectedConditions.java:883)
	at java.util.Optional.orElseThrow(Optional.java:290)
	at org.openqa.selenium.support.ui.ExpectedConditions.findElement(ExpectedConditions.java:882)
	at org.openqa.selenium.support.ui.ExpectedConditions.access$000(ExpectedConditions.java:44)
	at org.openqa.selenium.support.ui.ExpectedConditions$7.apply(ExpectedConditions.java:206)
	at org.openqa.selenium.support.ui.ExpectedConditions$7.apply(ExpectedConditions.java:202)
	at org.openqa.selenium.support.ui.ExpectedConditions$22.apply(ExpectedConditions.java:644)
	at org.openqa.selenium.support.ui.ExpectedConditions$22.apply(ExpectedConditions.java:641)
	at org.openqa.selenium.support.ui.FluentWait.until(FluentWait.java:209)
	... 28 more
... Removed 25 stack frames]]>
    </failure>
  </testcase> <!-- A9_InstallApp -->
  <testcase name="A2_doScreenshot_Left" time="0.0" classname="com.bys.devicpass.test.androidsinglecontrol.testAndroidSingleControl">
    <ignored/>
  </testcase> <!-- A2_doScreenshot_Left -->
  <testcase name="A6_definition" time="0.0" classname="com.bys.devicpass.test.androidsinglecontrol.testAndroidSingleControl">
    <ignored/>
  </testcase> <!-- A6_definition -->
  <testcase name="A8_SwitchAppsTab" time="0.0" classname="com.bys.devicpass.test.androidsinglecontrol.testAndroidSingleControl">
    <ignored/>
  </testcase> <!-- A8_SwitchAppsTab -->
  <testcase name="A3_reloadAll" time="0.0" classname="com.bys.devicpass.test.androidsinglecontrol.testAndroidSingleControl">
    <ignored/>
  </testcase> <!-- A3_reloadAll -->
  <testcase name="A1_goToCurrentUse" time="0.0" classname="com.bys.devicpass.test.androidsinglecontrol.testAndroidSingleControl">
    <ignored/>
  </testcase> <!-- A1_goToCurrentUse -->
  <testcase name="A7_SwitchSCTab" time="0.0" classname="com.bys.devicpass.test.androidsinglecontrol.testAndroidSingleControl">
    <ignored/>
  </testcase> <!-- A7_SwitchSCTab -->
  <testcase name="A5_Renew" time="0.0" classname="com.bys.devicpass.test.androidsinglecontrol.testAndroidSingleControl">
    <ignored/>
  </testcase> <!-- A5_Renew -->
  <testcase name="A4_releaseall" time="0.0" classname="com.bys.devicpass.test.androidsinglecontrol.testAndroidSingleControl">
    <ignored/>
  </testcase> <!-- A4_releaseall -->
</testsuite> <!-- DP -->
